<?xml version="1.0" encoding="UTF-8"?>
<testng-results skipped="0" failed="0" total="1" passed="1">
  <reporter-output>
  </reporter-output>
  <suite name="Default suite" duration-ms="228742" started-at="2019-02-11T08:45:21Z" finished-at="2019-02-11T08:49:09Z">
    <groups>
    </groups>
    <test name="Default test" duration-ms="228742" started-at="2019-02-11T08:45:21Z" finished-at="2019-02-11T08:49:09Z">
      <class name="com.testmvn.TestCase2">
        <test-method status="PASS" signature="beforeMethod()[pri:0, instance:com.testmvn.TestCase2@5fc7f7]" name="beforeMethod" is-config="true" duration-ms="33131" started-at="2019-02-11T16:45:21Z" finished-at="2019-02-11T16:45:54Z">
          <reporter-output>
          </reporter-output>
        </test-method> <!-- beforeMethod -->
        <test-method status="PASS" signature="testHomeSign()[pri:0, instance:com.testmvn.TestCase2@5fc7f7]" name="testHomeSign" duration-ms="193300" started-at="2019-02-11T16:45:54Z" finished-at="2019-02-11T16:49:07Z">
          <reporter-output>
          </reporter-output>
        </test-method> <!-- testHomeSign -->
        <test-method status="PASS" signature="afterMethod()[pri:0, instance:com.testmvn.TestCase2@5fc7f7]" name="afterMethod" is-config="true" duration-ms="2299" started-at="2019-02-11T16:49:07Z" finished-at="2019-02-11T16:49:09Z">
          <reporter-output>
          </reporter-output>
        </test-method> <!-- afterMethod -->
      </class> <!-- com.testmvn.TestCase2 -->
    </test> <!-- Default test -->
  </suite> <!-- Default suite -->
</testng-results>
